#
# There is insufficient memory for the Java Runtime Environment to continue.
# Native memory allocation (malloc) failed to allocate 895936 bytes for Chunk::new
# Possible reasons:
#   The system is out of physical RAM or swap space
#   In 32 bit mode, the process size limit was hit
# Possible solutions:
#   Reduce memory load on the system
#   Increase physical memory or swap space
#   Check if swap backing store is full
#   Use 64 bit Java on a 64 bit OS
#   Decrease Java heap size (-Xmx/-Xms)
#   Decrease number of Java threads
#   Decrease Java thread stack sizes (-Xss)
#   Set larger code cache with -XX:ReservedCodeCacheSize=
# This output file may be truncated or incomplete.
#
#  Out of Memory Error (allocation.cpp:390), pid=18076, tid=22512
#
# JRE version: Java(TM) SE Runtime Environment (8.0_91-b15) (build 1.8.0_91-b15)
# Java VM: Java HotSpot(TM) 64-Bit Server VM (25.91-b15 mixed mode windows-amd64 compressed oops)
# Failed to write core dump. Minidumps are not enabled by default on client versions of Windows
#

---------------  T H R E A D  ---------------

Current thread (0x00000000178fd000):  JavaThread "C2 CompilerThread0" daemon [_thread_in_native, id=22512, stack(0x0000000019ec0000,0x0000000019fc0000)]

Stack: [0x0000000019ec0000,0x0000000019fc0000]
[error occurred during error reporting (printing stack bounds), id 0xc0000005]

Native frames: (J=compiled Java code, j=interpreted, Vv=VM code, C=native code)


Current CompileTask:
C2:   3870 3324       4       org.springframework.core.annotation.AnnotationsScanner::getDeclaredAnnotations (166 bytes)


---------------  P R O C E S S  ---------------

Java Threads: ( => current thread )
  0x000000001c7fd000 JavaThread "Druid-ConnectionPool-Destroy-27971761" daemon [_thread_blocked, id=16544, stack(0x000000001d830000,0x000000001d930000)]
  0x000000001d0a1000 JavaThread "Druid-ConnectionPool-Create-27971761" daemon [_thread_blocked, id=20732, stack(0x000000001d510000,0x000000001d610000)]
  0x0000000019aa0800 JavaThread "surefire-forkedjvm-ping-30s" daemon [_thread_blocked, id=11800, stack(0x000000001a5c0000,0x000000001a6c0000)]
  0x0000000019a0e000 JavaThread "surefire-forkedjvm-command-thread" daemon [_thread_in_native, id=21764, stack(0x000000001a4c0000,0x000000001a5c0000)]
  0x00000000198e8800 JavaThread "Service Thread" daemon [_thread_blocked, id=20248, stack(0x000000001a2c0000,0x000000001a3c0000)]
  0x000000001985c000 JavaThread "C1 CompilerThread3" daemon [_thread_in_vm, id=22180, stack(0x000000001a1c0000,0x000000001a2c0000)]
  0x000000001985b800 JavaThread "C2 CompilerThread2" daemon [_thread_in_native, id=23260, stack(0x000000001a0c0000,0x000000001a1c0000)]
  0x0000000019853800 JavaThread "C2 CompilerThread1" daemon [_thread_in_native, id=10892, stack(0x0000000019fc0000,0x000000001a0c0000)]
=>0x00000000178fd000 JavaThread "C2 CompilerThread0" daemon [_thread_in_native, id=22512, stack(0x0000000019ec0000,0x0000000019fc0000)]
  0x00000000178fb000 JavaThread "Attach Listener" daemon [_thread_blocked, id=23236, stack(0x0000000019dc0000,0x0000000019ec0000)]
  0x00000000197fe000 JavaThread "Signal Dispatcher" daemon [_thread_blocked, id=11776, stack(0x0000000019cc0000,0x0000000019dc0000)]
  0x00000000197e0800 JavaThread "Finalizer" daemon [_thread_blocked, id=23244, stack(0x0000000019bc0000,0x0000000019cc0000)]
  0x0000000002b26000 JavaThread "Reference Handler" daemon [_thread_blocked, id=13856, stack(0x00000000196c0000,0x00000000197c0000)]
  0x0000000002a31000 JavaThread "main" [_thread_in_vm, id=14208, stack(0x0000000002880000,0x0000000002980000)]

Other Threads:
  0x00000000178e8800 VMThread [stack: 0x00000000195c0000,0x00000000196c0000] [id=16072]
  0x000000001994d000 WatcherThread [stack: 0x000000001a3c0000,0x000000001a4c0000] [id=24636]

VM state:not at safepoint (normal execution)

VM Mutex/Monitor currently owned by a thread: None

Heap:
 PSYoungGen      total 105472K, used 85265K [0x00000000d6e00000, 0x00000000de000000, 0x0000000100000000)
  eden space 97792K, 79% used [0x00000000d6e00000,0x00000000db9da428,0x00000000dcd80000)
  from space 7680K, 98% used [0x00000000dd880000,0x00000000ddfea0a8,0x00000000de000000)
  to   space 9216K, 0% used [0x00000000dce00000,0x00000000dce00000,0x00000000dd700000)
 ParOldGen       total 53760K, used 9160K [0x0000000084a00000, 0x0000000087e80000, 0x00000000d6e00000)
  object space 53760K, 17% used [0x0000000084a00000,0x00000000852f2078,0x0000000087e80000)
 Metaspace       used 32752K, capacity 34630K, committed 34864K, reserved 1079296K
  class space    used 4272K, capacity 4629K, committed 4656K, reserved 1048576K

Card table byte_map: [0x0000000011ef0000,0x00000000122d0000] byte_map_base: 0x0000000011acb000

Marking Bits: (ParMarkBitMap*) 0x0000000076052f70
 Begin Bits: [0x0000000012d70000, 0x0000000014c48000)
 End Bits:   [0x0000000014c48000, 0x0000000016b20000)

Polling page: 0x0000000000ba0000

CodeCache: size=245760Kb used=11952Kb max_used=11978Kb free=233807Kb
 bounds [0x0000000002b30000, 0x00000000036f0000, 0x0000000011b30000]
 total_blobs=3773 nmethods=3364 adapters=321
 compilation: enabled

Compilation events (10 events):
Event: 3.799 Thread 0x000000001985c000 3368       3       java.util.regex.Pattern$Dot::isSatisfiedBy (34 bytes)
Event: 3.799 Thread 0x000000001985c000 nmethod 3368 0x00000000036d94d0 code [0x00000000036d9640, 0x00000000036d98b0]
Event: 3.799 Thread 0x000000001985c000 3369       3       java.util.regex.Pattern$CharProperty::match (56 bytes)
Event: 3.799 Thread 0x00000000178fd000 nmethod 3117 0x00000000036d9910 code [0x00000000036d9e80, 0x00000000036e0f10]
Event: 3.800 Thread 0x000000001985c000 nmethod 3369 0x00000000036d5e90 code [0x00000000036d6020, 0x00000000036d6508]
Event: 3.800 Thread 0x00000000178fd000 3324       4       org.springframework.core.annotation.AnnotationsScanner::getDeclaredAnnotations (166 bytes)
Event: 3.800 Thread 0x000000001985c000 3370       3       org.springframework.util.AntPathMatcher::match (9 bytes)
Event: 3.801 Thread 0x000000001985c000 nmethod 3370 0x00000000036d5ad0 code [0x00000000036d5c40, 0x00000000036d5de8]
Event: 3.827 Thread 0x000000001985c000 3371       1       java.net.URLClassLoader::access$200 (5 bytes)
Event: 3.828 Thread 0x000000001985c000 nmethod 3371 0x00000000036d5810 code [0x00000000036d5960, 0x00000000036d5a50]

GC Heap History (10 events):
Event: 1.590 GC heap before
{Heap before GC invocations=3 (full 0):
 PSYoungGen      total 36864K, used 36851K [0x00000000d6e00000, 0x00000000db600000, 0x0000000100000000)
  eden space 31744K, 100% used [0x00000000d6e00000,0x00000000d8d00000,0x00000000d8d00000)
  from space 5120K, 99% used [0x00000000d9200000,0x00000000d96fcfc0,0x00000000d9700000)
  to   space 5120K, 0% used [0x00000000d8d00000,0x00000000d8d00000,0x00000000d9200000)
 ParOldGen       total 84992K, used 1260K [0x0000000084a00000, 0x0000000089d00000, 0x00000000d6e00000)
  object space 84992K, 1% used [0x0000000084a00000,0x0000000084b3b328,0x0000000089d00000)
 Metaspace       used 17977K, capacity 19240K, committed 19584K, reserved 1067008K
  class space    used 2328K, capacity 2578K, committed 2688K, reserved 1048576K
Event: 1.597 GC heap after
Heap after GC invocations=3 (full 0):
 PSYoungGen      total 36864K, used 5101K [0x00000000d6e00000, 0x00000000db600000, 0x0000000100000000)
  eden space 31744K, 0% used [0x00000000d6e00000,0x00000000d6e00000,0x00000000d8d00000)
  from space 5120K, 99% used [0x00000000d8d00000,0x00000000d91fb528,0x00000000d9200000)
  to   space 5120K, 0% used [0x00000000db100000,0x00000000db100000,0x00000000db600000)
 ParOldGen       total 84992K, used 3849K [0x0000000084a00000, 0x0000000089d00000, 0x00000000d6e00000)
  object space 84992K, 4% used [0x0000000084a00000,0x0000000084dc24e8,0x0000000089d00000)
 Metaspace       used 17977K, capacity 19240K, committed 19584K, reserved 1067008K
  class space    used 2328K, capacity 2578K, committed 2688K, reserved 1048576K
}
Event: 1.704 GC heap before
{Heap before GC invocations=4 (full 0):
 PSYoungGen      total 36864K, used 17999K [0x00000000d6e00000, 0x00000000db600000, 0x0000000100000000)
  eden space 31744K, 40% used [0x00000000d6e00000,0x00000000d7a989a0,0x00000000d8d00000)
  from space 5120K, 99% used [0x00000000d8d00000,0x00000000d91fb528,0x00000000d9200000)
  to   space 5120K, 0% used [0x00000000db100000,0x00000000db100000,0x00000000db600000)
 ParOldGen       total 84992K, used 3849K [0x0000000084a00000, 0x0000000089d00000, 0x00000000d6e00000)
  object space 84992K, 4% used [0x0000000084a00000,0x0000000084dc24e8,0x0000000089d00000)
 Metaspace       used 19904K, capacity 21210K, committed 21296K, reserved 1067008K
  class space    used 2544K, capacity 2823K, committed 2864K, reserved 1048576K
Event: 1.709 GC heap after
Heap after GC invocations=4 (full 0):
 PSYoungGen      total 68608K, used 5094K [0x00000000d6e00000, 0x00000000db600000, 0x0000000100000000)
  eden space 63488K, 0% used [0x00000000d6e00000,0x00000000d6e00000,0x00000000dac00000)
  from space 5120K, 99% used [0x00000000db100000,0x00000000db5f9bf0,0x00000000db600000)
  to   space 5120K, 0% used [0x00000000dac00000,0x00000000dac00000,0x00000000db100000)
 ParOldGen       total 84992K, used 5242K [0x0000000084a00000, 0x0000000089d00000, 0x00000000d6e00000)
  object space 84992K, 6% used [0x0000000084a00000,0x0000000084f1ea28,0x0000000089d00000)
 Metaspace       used 19904K, capacity 21210K, committed 21296K, reserved 1067008K
  class space    used 2544K, capacity 2823K, committed 2864K, reserved 1048576K
}
Event: 1.709 GC heap before
{Heap before GC invocations=5 (full 1):
 PSYoungGen      total 68608K, used 5094K [0x00000000d6e00000, 0x00000000db600000, 0x0000000100000000)
  eden space 63488K, 0% used [0x00000000d6e00000,0x00000000d6e00000,0x00000000dac00000)
  from space 5120K, 99% used [0x00000000db100000,0x00000000db5f9bf0,0x00000000db600000)
  to   space 5120K, 0% used [0x00000000dac00000,0x00000000dac00000,0x00000000db100000)
 ParOldGen       total 84992K, used 5242K [0x0000000084a00000, 0x0000000089d00000, 0x00000000d6e00000)
  object space 84992K, 6% used [0x0000000084a00000,0x0000000084f1ea28,0x0000000089d00000)
 Metaspace       used 19904K, capacity 21210K, committed 21296K, reserved 1067008K
  class space    used 2544K, capacity 2823K, committed 2864K, reserved 1048576K
Event: 1.733 GC heap after
Heap after GC invocations=5 (full 1):
 PSYoungGen      total 68608K, used 0K [0x00000000d6e00000, 0x00000000db600000, 0x0000000100000000)
  eden space 63488K, 0% used [0x00000000d6e00000,0x00000000d6e00000,0x00000000dac00000)
  from space 5120K, 0% used [0x00000000db100000,0x00000000db100000,0x00000000db600000)
  to   space 5120K, 0% used [0x00000000dac00000,0x00000000dac00000,0x00000000db100000)
 ParOldGen       total 53760K, used 6296K [0x0000000084a00000, 0x0000000087e80000, 0x00000000d6e00000)
  object space 53760K, 11% used [0x0000000084a00000,0x0000000085026358,0x0000000087e80000)
 Metaspace       used 19904K, capacity 21210K, committed 21296K, reserved 1067008K
  class space    used 2544K, capacity 2823K, committed 2864K, reserved 1048576K
}
Event: 2.238 GC heap before
{Heap before GC invocations=6 (full 1):
 PSYoungGen      total 68608K, used 63488K [0x00000000d6e00000, 0x00000000db600000, 0x0000000100000000)
  eden space 63488K, 100% used [0x00000000d6e00000,0x00000000dac00000,0x00000000dac00000)
  from space 5120K, 0% used [0x00000000db100000,0x00000000db100000,0x00000000db600000)
  to   space 5120K, 0% used [0x00000000dac00000,0x00000000dac00000,0x00000000db100000)
 ParOldGen       total 53760K, used 6296K [0x0000000084a00000, 0x0000000087e80000, 0x00000000d6e00000)
  object space 53760K, 11% used [0x0000000084a00000,0x0000000085026358,0x0000000087e80000)
 Metaspace       used 23276K, capacity 24700K, committed 24880K, reserved 1071104K
  class space    used 3007K, capacity 3282K, committed 3376K, reserved 1048576K
Event: 2.244 GC heap after
Heap after GC invocations=6 (full 1):
 PSYoungGen      total 68608K, used 5104K [0x00000000d6e00000, 0x00000000de100000, 0x0000000100000000)
  eden space 63488K, 0% used [0x00000000d6e00000,0x00000000d6e00000,0x00000000dac00000)
  from space 5120K, 99% used [0x00000000dac00000,0x00000000db0fc058,0x00000000db100000)
  to   space 8704K, 0% used [0x00000000dd880000,0x00000000dd880000,0x00000000de100000)
 ParOldGen       total 53760K, used 9152K [0x0000000084a00000, 0x0000000087e80000, 0x00000000d6e00000)
  object space 53760K, 17% used [0x0000000084a00000,0x00000000852f0078,0x0000000087e80000)
 Metaspace       used 23276K, capacity 24700K, committed 24880K, reserved 1071104K
  class space    used 3007K, capacity 3282K, committed 3376K, reserved 1048576K
}
Event: 2.951 GC heap before
{Heap before GC invocations=7 (full 1):
 PSYoungGen      total 68608K, used 68592K [0x00000000d6e00000, 0x00000000de100000, 0x0000000100000000)
  eden space 63488K, 100% used [0x00000000d6e00000,0x00000000dac00000,0x00000000dac00000)
  from space 5120K, 99% used [0x00000000dac00000,0x00000000db0fc058,0x00000000db100000)
  to   space 8704K, 0% used [0x00000000dd880000,0x00000000dd880000,0x00000000de100000)
 ParOldGen       total 53760K, used 9152K [0x0000000084a00000, 0x0000000087e80000, 0x00000000d6e00000)
  object space 53760K, 17% used [0x0000000084a00000,0x00000000852f0078,0x0000000087e80000)
 Metaspace       used 26466K, capacity 28138K, committed 28336K, reserved 1073152K
  class space    used 3443K, capacity 3759K, committed 3760K, reserved 1048576K
Event: 2.956 GC heap after
Heap after GC invocations=7 (full 1):
 PSYoungGen      total 105472K, used 7592K [0x00000000d6e00000, 0x00000000de000000, 0x0000000100000000)
  eden space 97792K, 0% used [0x00000000d6e00000,0x00000000d6e00000,0x00000000dcd80000)
  from space 7680K, 98% used [0x00000000dd880000,0x00000000ddfea0a8,0x00000000de000000)
  to   space 9216K, 0% used [0x00000000dce00000,0x00000000dce00000,0x00000000dd700000)
 ParOldGen       total 53760K, used 9160K [0x0000000084a00000, 0x0000000087e80000, 0x00000000d6e00000)
  object space 53760K, 17% used [0x0000000084a00000,0x00000000852f2078,0x0000000087e80000)
 Metaspace       used 26466K, capacity 28138K, committed 28336K, reserved 1073152K
  class space    used 3443K, capacity 3759K, committed 3760K, reserved 1048576K
}

Deoptimization events (10 events):
Event: 3.476 Thread 0x0000000002a31000 Uncommon trap: reason=unstable_if action=reinterpret pc=0x0000000002db50d0 method=java.lang.AbstractStringBuilder.append(Ljava/lang/String;)Ljava/lang/AbstractStringBuilder; @ 1
Event: 3.483 Thread 0x0000000002a31000 Uncommon trap: reason=unstable_if action=reinterpret pc=0x0000000002d94518 method=java.lang.AbstractStringBuilder.append(Ljava/lang/String;)Ljava/lang/AbstractStringBuilder; @ 1
Event: 3.487 Thread 0x0000000002a31000 Uncommon trap: reason=unstable_if action=reinterpret pc=0x00000000035bbff4 method=org.springframework.boot.context.properties.source.ConfigurationPropertyName$ElementsParser.add(IILorg/springframework/boot/context/properties/source/ConfigurationPropertyNam‹·e<
Event: 3.504 Thread 0x0000000002a31000 Uncommon trap: reason=bimorphic action=maybe_recompile pc=0x000000000335da68 method=java.util.Collections$SetFromMap.contains(Ljava/lang/Object;)Z @ 5
Event: 3.506 Thread 0x0000000002a31000 Uncommon trap: reason=bimorphic action=maybe_recompile pc=0x000000000335da68 method=java.util.Collections$SetFromMap.contains(Ljava/lang/Object;)Z @ 5
Event: 3.507 Thread 0x0000000002a31000 Uncommon trap: reason=bimorphic action=maybe_recompile pc=0x000000000335da68 method=java.util.Collections$SetFromMap.contains(Ljava/lang/Object;)Z @ 5
Event: 3.687 Thread 0x0000000002a31000 Uncommon trap: reason=unstable_if action=reinterpret pc=0x0000000003416a40 method=java.util.jar.JarFile.getManifestFromReference()Ljava/util/jar/Manifest; @ 39
Event: 3.745 Thread 0x0000000002a31000 Uncommon trap: reason=null_check action=make_not_entrant pc=0x00000000032eaad0 method=java.util.AbstractCollection.toArray([Ljava/lang/Object;)[Ljava/lang/Object; @ 119
Event: 3.768 Thread 0x0000000002a31000 Uncommon trap: reason=class_check action=maybe_recompile pc=0x00000000033f8888 method=java.util.concurrent.ConcurrentHashMap.putVal(Ljava/lang/Object;Ljava/lang/Object;Z)Ljava/lang/Object; @ 192
Event: 3.768 Thread 0x0000000002a31000 Uncommon trap: reason=class_check action=maybe_recompile pc=0x00000000033f8888 method=java.util.concurrent.ConcurrentHashMap.putVal(Ljava/lang/Object;Ljava/lang/Object;Z)Ljava/lang/Object; @ 192

Internal exceptions (10 events):
Event: 3.745 Thread 0x0000000002a31000 Implicit null exception at 0x00000000032ea9b9 to 0x00000000032eaac5
Event: 3.755 Thread 0x0000000002a31000 Exception <a 'java/security/PrivilegedActionException'> (0x00000000db1c6ae0) thrown at [C:\re\workspace\8-2-build-windows-amd64-cygwin\jdk8u91\7017\hotspot\src\share\vm\prims\jvm.cpp, line 1386]
Event: 3.755 Thread 0x0000000002a31000 Exception <a 'java/security/PrivilegedActionException'> (0x00000000db1c7678) thrown at [C:\re\workspace\8-2-build-windows-amd64-cygwin\jdk8u91\7017\hotspot\src\share\vm\prims\jvm.cpp, line 1386]
Event: 3.756 Thread 0x0000000002a31000 Exception <a 'java/security/PrivilegedActionException'> (0x00000000db1d3460) thrown at [C:\re\workspace\8-2-build-windows-amd64-cygwin\jdk8u91\7017\hotspot\src\share\vm\prims\jvm.cpp, line 1386]
Event: 3.756 Thread 0x0000000002a31000 Exception <a 'java/security/PrivilegedActionException'> (0x00000000db1d3e10) thrown at [C:\re\workspace\8-2-build-windows-amd64-cygwin\jdk8u91\7017\hotspot\src\share\vm\prims\jvm.cpp, line 1386]
Event: 3.781 Thread 0x0000000002a31000 Exception <a 'java/lang/ClassNotFoundException': java/lang/ObjectCustomizer> (0x00000000db3c6cc0) thrown at [C:\re\workspace\8-2-build-windows-amd64-cygwin\jdk8u91\7017\hotspot\src\share\vm\classfile\systemDictionary.cpp, line 210]
Event: 3.781 Thread 0x0000000002a31000 Exception <a 'java/lang/ClassNotFoundException': org/springframework/boot/autoconfigure/jdbc/DataSourceInitializerInvokerCustomizer> (0x00000000db3ef138) thrown at [C:\re\workspace\8-2-build-windows-amd64-cygwin\jdk8u91\7017\hotspot\src\share\vm\classfile\
Event: 3.782 Thread 0x0000000002a31000 Exception <a 'java/lang/ClassNotFoundException': org/springframework/context/ApplicationListenerCustomizer> (0x00000000db4130e0) thrown at [C:\re\workspace\8-2-build-windows-amd64-cygwin\jdk8u91\7017\hotspot\src\share\vm\classfile\systemDictionary.cpp, linßL €ËB@
Event: 3.783 Thread 0x0000000002a31000 Exception <a 'java/lang/ClassNotFoundException': java/util/EventListenerCustomizer> (0x00000000db41ee48) thrown at [C:\re\workspace\8-2-build-windows-amd64-cygwin\jdk8u91\7017\hotspot\src\share\vm\classfile\systemDictionary.cpp, line 210]
Event: 3.783 Thread 0x0000000002a31000 Exception <a 'java/lang/ClassNotFoundException': org/springframework/beans/factory/InitializingBeanCustomizer> (0x00000000db43cef8) thrown at [C:\re\workspace\8-2-build-windows-amd64-cygwin\jdk8u91\7017\hotspot\src\share\vm\classfile\systemDictionary.cpp, 2-†¬Ù@

Events (10 events):
Event: 3.865 loading class com/sun/org/apache/xerces/internal/impl/ExternalSubsetResolver done
Event: 3.865 loading class org/apache/ibatis/parsing/XPathParser$1
Event: 3.865 loading class org/apache/ibatis/parsing/XPathParser$1 done
Event: 3.865 loading class com/sun/org/apache/xerces/internal/xni/parser/XMLInputSource
Event: 3.866 loading class com/sun/org/apache/xerces/internal/xni/parser/XMLInputSource done
Event: 3.866 loading class com/sun/org/apache/xerces/internal/utils/XMLLimitAnalyzer
Event: 3.866 loading class com/sun/org/apache/xerces/internal/utils/XMLLimitAnalyzer done
Event: 3.867 loading class com/sun/org/apache/xerces/internal/impl/XMLEntityManager$RewindableInputStream
Event: 3.867 loading class com/sun/org/apache/xerces/internal/impl/XMLEntityManager$RewindableInputStream done
Event: 3.867 loading class com/sun/org/apache/xerces/internal/impl/io/UTF8Reader


Dynamic libraries:
0x00007ff7e5200000 - 0x00007ff7e5237000 	C:\Program Files\Java\jdk1.8.0_91\jre\bin\java.exe
0x00007ffe425e0000 - 0x00007ffe427d0000 	C:\Windows\SYSTEM32\ntdll.dll
0x00007ffe417b0000 - 0x00007ffe41862000 	C:\Windows\System32\KERNEL32.DLL
0x00007ffe3fc60000 - 0x00007ffe3ff05000 	C:\Windows\System32\KERNELBASE.dll
0x00007ffe414d0000 - 0x00007ffe41573000 	C:\Windows\System32\ADVAPI32.dll
0x00007ffe41cf0000 - 0x00007ffe41d8e000 	C:\Windows\System32\msvcrt.dll
0x00007ffe41a30000 - 0x00007ffe41ac7000 	C:\Windows\System32\sechost.dll
0x00007ffe418e0000 - 0x00007ffe41a00000 	C:\Windows\System32\RPCRT4.dll
0x00007ffe412c0000 - 0x00007ffe41455000 	C:\Windows\System32\USER32.dll
0x00007ffe3f840000 - 0x00007ffe3f861000 	C:\Windows\System32\win32u.dll
0x00007ffe40810000 - 0x00007ffe40836000 	C:\Windows\System32\GDI32.dll
0x00007ffe3f570000 - 0x00007ffe3f706000 	C:\Windows\System32\gdi32full.dll
0x00007ffe3fac0000 - 0x00007ffe3fb5e000 	C:\Windows\System32\msvcp_win.dll
0x00007ffe3fb60000 - 0x00007ffe3fc5a000 	C:\Windows\System32\ucrtbase.dll
0x00007ffe28410000 - 0x00007ffe28694000 	C:\Windows\WinSxS\amd64_microsoft.windows.common-controls_6595b64144ccf1df_6.0.18362.1082_none_9e8193e1e45b25c1\COMCTL32.dll
0x00007ffe42260000 - 0x00007ffe42595000 	C:\Windows\System32\combase.dll
0x00007ffe3fa40000 - 0x00007ffe3fac0000 	C:\Windows\System32\bcryptPrimitives.dll
0x00007ffe41580000 - 0x00007ffe415ae000 	C:\Windows\System32\IMM32.DLL
0x00000000776b0000 - 0x0000000077782000 	C:\Program Files\Java\jdk1.8.0_91\jre\bin\msvcr100.dll
0x0000000075840000 - 0x00000000760d3000 	C:\Program Files\Java\jdk1.8.0_91\jre\bin\server\jvm.dll
0x00007ffe414c0000 - 0x00007ffe414c8000 	C:\Windows\System32\PSAPI.DLL
0x00007ffe39fb0000 - 0x00007ffe39fd4000 	C:\Windows\SYSTEM32\WINMM.dll
0x00007ffe396c0000 - 0x00007ffe396ca000 	C:\Windows\SYSTEM32\VERSION.dll
0x00007ffe297b0000 - 0x00007ffe297b9000 	C:\Windows\SYSTEM32\WSOCK32.dll
0x00007ffe41ad0000 - 0x00007ffe41b3f000 	C:\Windows\System32\WS2_32.dll
0x00007ffe39ee0000 - 0x00007ffe39f0d000 	C:\Windows\SYSTEM32\winmmbase.dll
0x00007ffe3f710000 - 0x00007ffe3f75a000 	C:\Windows\System32\cfgmgr32.dll
0x0000000050400000 - 0x000000005040f000 	C:\Program Files\Java\jdk1.8.0_91\jre\bin\verify.dll
0x00000000503d0000 - 0x00000000503f9000 	C:\Program Files\Java\jdk1.8.0_91\jre\bin\java.dll
0x00000000503b0000 - 0x00000000503c6000 	C:\Program Files\Java\jdk1.8.0_91\jre\bin\zip.dll
0x00007ffe40bd0000 - 0x00007ffe412b7000 	C:\Windows\System32\SHELL32.dll
0x00007ffe40690000 - 0x00007ffe40739000 	C:\Windows\System32\shcore.dll
0x00007ffe3ff10000 - 0x00007ffe40690000 	C:\Windows\System32\windows.storage.dll
0x00007ffe3f4f0000 - 0x00007ffe3f513000 	C:\Windows\System32\profapi.dll
0x00007ffe3f520000 - 0x00007ffe3f56a000 	C:\Windows\System32\powrprof.dll
0x00007ffe3f4a0000 - 0x00007ffe3f4b0000 	C:\Windows\System32\UMPDC.dll
0x00007ffe40a30000 - 0x00007ffe40a82000 	C:\Windows\System32\shlwapi.dll
0x00007ffe3f4b0000 - 0x00007ffe3f4c1000 	C:\Windows\System32\kernel.appcore.dll
0x00007ffe3f8d0000 - 0x00007ffe3f8e7000 	C:\Windows\System32\cryptsp.dll
0x0000000050000000 - 0x000000005000d000 	C:\Program Files\Java\jdk1.8.0_91\jre\bin\management.dll
0x0000000050390000 - 0x00000000503aa000 	C:\Program Files\Java\jdk1.8.0_91\jre\bin\net.dll
0x00007ffe3ecf0000 - 0x00007ffe3ed57000 	C:\Windows\system32\mswsock.dll
0x0000000050370000 - 0x0000000050381000 	C:\Program Files\Java\jdk1.8.0_91\jre\bin\nio.dll
0x00007ffe29220000 - 0x00007ffe29236000 	C:\Windows\system32\napinsp.dll
0x00007ffe27440000 - 0x00007ffe2745a000 	C:\Windows\system32\pnrpnsp.dll
0x00007ffe3ea40000 - 0x00007ffe3eb0b000 	C:\Windows\SYSTEM32\DNSAPI.dll
0x00007ffe41a20000 - 0x00007ffe41a28000 	C:\Windows\System32\NSI.dll
0x00007ffe3ea00000 - 0x00007ffe3ea3a000 	C:\Windows\SYSTEM32\IPHLPAPI.DLL
0x00007ffe27520000 - 0x00007ffe2752e000 	C:\Windows\System32\winrnr.dll
0x00007ffe3c080000 - 0x00007ffe3c09c000 	C:\Windows\system32\NLAapi.dll
0x00007ffe3a0c0000 - 0x00007ffe3a0d5000 	C:\Windows\system32\wshbth.dll
0x00007ffe36300000 - 0x00007ffe3630a000 	C:\Windows\System32\rasadhlp.dll
0x00007ffe36b50000 - 0x00007ffe36bc7000 	C:\Windows\System32\fwpuclnt.dll
0x00007ffe3f810000 - 0x00007ffe3f836000 	C:\Windows\System32\bcrypt.dll

VM Arguments:
java_command: C:\Users\tang\AppData\Local\Temp\surefire8376888841300936334\surefirebooter4375691241420589812.jar C:\Users\tang\AppData\Local\Temp\surefire8376888841300936334 2020-09-16T16-26-20_020-jvmRun1 surefire8374265454566935285tmp surefire_0740921242033801497tmp
java_class_path (initial): C:\Users\tang\AppData\Local\Temp\surefire8376888841300936334\surefirebooter4375691241420589812.jar
Launcher Type: SUN_STANDARD

Environment Variables:
JAVA_HOME=C:\Program Files\Java\jdk1.8.0_91
CLASSPATH=.;C:\Program Files\Java\jdk1.8.0_91\lib;C:\Program Files\Java\jdk1.8.0_91\lib\tools.jar
PATH=C:\Windows\system32;C:\Windows;C:\Windows\System32\Wbem;C:\Windows\System32\WindowsPowerShell\v1.0\;C:\Windows\System32\OpenSSH\;D:\workspace\mysql-5.7\mysql-5.7\bin;C:\Program Files\Java\jdk1.8.0_91\bin;C:\Program Files\Java\jdk1.8.0_91\jre\bin;D:\workspace\apache-maven-3.6.3\bin;D:\Program Files\TortoiseSVN\bin;d:\Program Files\Git\cmd;D:\ant\apache-ant-1.9.4\bin\;C:\Users\tang\AppData\Local\Microsoft\WindowsApps;
USERNAME=tang
OS=Windows_NT
PROCESSOR_IDENTIFIER=Intel64 Family 6 Model 126 Stepping 5, GenuineIntel



---------------  S Y S T E M  ---------------

OS: Windows 10.0 , 64 bit Build 18362 (10.0.18362.1082)

CPU:total 8 (4 cores per cpu, 2 threads per core) family 6 model 126 stepping 5, cmov, cx8, fxsr, mmx, sse, sse2, sse3, ssse3, sse4.1, sse4.2, popcnt, avx, avx2, aes, clmul, erms, 3dnowpref, lzcnt, ht, tsc, tscinvbit, bmi1, bmi2, adx

Memory: 4k page, physical 8084284k(417560k free), swap 21191480k(5444k free)

vm_info: Java HotSpot(TM) 64-Bit Server VM (25.91-b15) for windows-amd64 JRE (1.8.0_91-b15), built on May 20 2016 17:43:15 by "java_re" with MS VC++ 10.0 (VS2010)

time: Wed Sep 16 16:26:24 2020
elapsed time: 3 seconds (0d 0h 0m 3s)

